<?xml version="1.0" encoding="UTF-8"?>
<testsuite name="test_singleton_tests.MyTestCase-20240426210907" tests="4" file="test_singleton_tests.py" time="0.019" timestamp="2024-04-26T21:09:08" failures="0" errors="0" skipped="0">
	<testcase classname="test_singleton_tests.MyTestCase" name="test_singleton1" time="0.008" timestamp="2024-04-26T21:09:08"/>
	<testcase classname="test_singleton_tests.MyTestCase" name="test_singleton2" time="0.003" timestamp="2024-04-26T21:09:08"/>
	<testcase classname="test_singleton_tests.MyTestCase" name="test_singleton3" time="0.005" timestamp="2024-04-26T21:09:08"/>
	<testcase classname="test_singleton_tests.MyTestCase" name="test_singleton4" time="0.004" timestamp="2024-04-26T21:09:08"/>
</testsuite>
