<?xml version="1.0" encoding="UTF-8"?>
<testsuite name="test_singleton_tests.MyTestCase-20240426213035" tests="4" file="test_singleton_tests.py" time="0.023" timestamp="2024-04-26T21:30:37" failures="0" errors="0" skipped="0">
	<testcase classname="test_singleton_tests.MyTestCase" name="test_singleton1" time="0.005" timestamp="2024-04-26T21:30:37"/>
	<testcase classname="test_singleton_tests.MyTestCase" name="test_singleton2" time="0.001" timestamp="2024-04-26T21:30:37"/>
	<testcase classname="test_singleton_tests.MyTestCase" name="test_singleton3" time="0.009" timestamp="2024-04-26T21:30:37"/>
	<testcase classname="test_singleton_tests.MyTestCase" name="test_singleton4" time="0.007" timestamp="2024-04-26T21:30:37"/>
</testsuite>
