<?xml version="1.0" encoding="UTF-8"?>
<testsuite name="test_room_reservation_tests.TestHotelReservation-20240426210907" tests="3" file="test_room_reservation_tests.py" time="0.275" timestamp="2024-04-26T21:09:08" failures="0" errors="0" skipped="0">
	<testcase classname="test_room_reservation_tests.TestHotelReservation" name="test_duplicated_id_reservation_tests" time="0.017" timestamp="2024-04-26T21:09:08"/>
	<testcase classname="test_room_reservation_tests.TestHotelReservation" name="test_duplicated_reservation_tests" time="0.013" timestamp="2024-04-26T21:09:08"/>
	<testcase classname="test_room_reservation_tests.TestHotelReservation" name="test_parametrized_cases_tests" time="0.246" timestamp="2024-04-26T21:09:08"/>
</testsuite>
